[0m17:09:24.490441 [debug] [MainThread]: Sending event: {'category': 'dbt', 'action': 'invocation', 'label': 'start', 'context': [<snowplow_tracker.self_describing_json.SelfDescribingJson object at 0x000002431E2E3450>, <snowplow_tracker.self_describing_json.SelfDescribingJson object at 0x000002431E2E3FD0>, <snowplow_tracker.self_describing_json.SelfDescribingJson object at 0x000002431E2E2310>]}


============================== 17:09:24.502440 | da0c0e2f-6fff-4f2d-91b2-92cabf545509 ==============================
[0m17:09:24.502440 [info ] [MainThread]: Running with dbt=1.11.7
[0m17:09:24.503441 [debug] [MainThread]: running dbt with arguments {'static_parser': 'True', 'no_print': 'None', 'version_check': 'True', 'warn_error_options': 'WarnErrorOptionsV2(error=[], warn=[], silence=[])', 'target_path': 'None', 'printer_width': '80', 'write_json': 'True', 'introspect': 'True', 'log_cache_events': 'False', 'empty': 'None', 'cache_selected_only': 'False', 'fail_fast': 'False', 'debug': 'False', 'log_format': 'default', 'profiles_dir': 'C:\\Users\\admin\\.dbt', 'send_anonymous_usage_stats': 'True', 'quiet': 'False', 'warn_error': 'None', 'partial_parse': 'True', 'invocation_command': 'dbt init airflow_dbt', 'use_colors': 'True', 'indirect_selection': 'eager', 'use_experimental_parser': 'False', 'log_path': 'logs'}
[0m17:09:24.609566 [info ] [MainThread]: Creating dbt configuration folder at C:\Users\admin\.dbt
[0m17:09:24.615553 [debug] [MainThread]: Starter project path: C:\workspaces\dbt-pipeline\venv\Lib\site-packages\dbt\include\starter_project
[0m17:09:24.652255 [info ] [MainThread]: 
Your new dbt project "airflow_dbt" was created!

For more information on how to configure the profiles.yml file,
please consult the dbt documentation here:

  https://docs.getdbt.com/docs/configure-your-profile

One more thing:

Need help? Don't hesitate to reach out to us via GitHub issues or on Slack:

  https://community.getdbt.com/

Happy modeling!

[0m17:09:24.653304 [info ] [MainThread]: Setting up your profile.
[0m17:12:48.410022 [info ] [MainThread]: Profile airflow_dbt written to C:\Users\admin\.dbt\profiles.yml using target's sample configuration. Once updated, you'll be able to start developing with dbt.
[0m17:12:48.411289 [debug] [MainThread]: Command `dbt init` succeeded at 17:12:48.411289 after 204.00 seconds
[0m17:12:48.412295 [debug] [MainThread]: Sending event: {'category': 'dbt', 'action': 'invocation', 'label': 'end', 'context': [<snowplow_tracker.self_describing_json.SelfDescribingJson object at 0x0000024316692E50>, <snowplow_tracker.self_describing_json.SelfDescribingJson object at 0x000002431CF49D10>, <snowplow_tracker.self_describing_json.SelfDescribingJson object at 0x000002431E3D43D0>]}
[0m17:12:48.412295 [debug] [MainThread]: Flushing usage events
[0m17:12:49.475184 [debug] [MainThread]: An error was encountered while trying to flush usage events
